<?xml version="1.0" encoding="UTF-8"?>
<testng-results skipped="0" failed="1" ignored="0" total="5" passed="4">
  <reporter-output>
  </reporter-output>
  <suite name="Suite" duration-ms="72334" started-at="2020-06-30T17:55:38 IST" finished-at="2020-06-30T17:56:51 IST">
    <groups>
    </groups>
    <test name="Test1" duration-ms="17591" started-at="2020-06-30T17:55:38 IST" finished-at="2020-06-30T17:55:56 IST">
      <class name="EProject.validateNavigationBar">
        <test-method status="PASS" signature="initialize()[pri:0, instance:EProject.validateNavigationBar@1a4013]" name="initialize" is-config="true" duration-ms="9708" started-at="2020-06-30T17:55:38 IST" finished-at="2020-06-30T17:55:48 IST">
          <reporter-output>
          </reporter-output>
        </test-method> <!-- initialize -->
        <test-method status="PASS" signature="basePageNavigation1()[pri:0, instance:EProject.validateNavigationBar@1a4013]" name="basePageNavigation1" duration-ms="7646" started-at="2020-06-30T17:55:48 IST" finished-at="2020-06-30T17:55:56 IST">
          <reporter-output>
          </reporter-output>
        </test-method> <!-- basePageNavigation1 -->
        <test-method status="PASS" signature="tearDown()[pri:0, instance:EProject.validateNavigationBar@1a4013]" name="tearDown" is-config="true" duration-ms="203" started-at="2020-06-30T17:55:56 IST" finished-at="2020-06-30T17:55:56 IST">
          <reporter-output>
          </reporter-output>
        </test-method> <!-- tearDown -->
      </class> <!-- EProject.validateNavigationBar -->
    </test> <!-- Test1 -->
    <test name="Test2" duration-ms="19098" started-at="2020-06-30T17:55:57 IST" finished-at="2020-06-30T17:56:16 IST">
      <class name="EProject.validateTitle">
        <test-method status="PASS" signature="initialize()[pri:0, instance:EProject.validateTitle@10feca44]" name="initialize" is-config="true" duration-ms="18948" started-at="2020-06-30T17:55:57 IST" finished-at="2020-06-30T17:56:16 IST">
          <reporter-output>
          </reporter-output>
        </test-method> <!-- initialize -->
        <test-method status="PASS" signature="basePageNavigation1()[pri:0, instance:EProject.validateTitle@10feca44]" name="basePageNavigation1" duration-ms="30" started-at="2020-06-30T17:56:16 IST" finished-at="2020-06-30T17:56:16 IST">
          <reporter-output>
          </reporter-output>
        </test-method> <!-- basePageNavigation1 -->
        <test-method status="PASS" signature="validateHeader()[pri:0, instance:EProject.validateTitle@10feca44]" name="validateHeader" duration-ms="35" started-at="2020-06-30T17:56:16 IST" finished-at="2020-06-30T17:56:16 IST">
          <reporter-output>
          </reporter-output>
        </test-method> <!-- validateHeader -->
        <test-method status="PASS" signature="tearDown()[pri:0, instance:EProject.validateTitle@10feca44]" name="tearDown" is-config="true" duration-ms="76" started-at="2020-06-30T17:56:16 IST" finished-at="2020-06-30T17:56:16 IST">
          <reporter-output>
          </reporter-output>
        </test-method> <!-- tearDown -->
      </class> <!-- EProject.validateTitle -->
    </test> <!-- Test2 -->
    <test name="Test3" duration-ms="0" started-at="2020-06-30T17:56:17 IST" finished-at="2020-06-30T17:56:17 IST">
    </test> <!-- Test3 -->
    <test name="Test4" duration-ms="34004" started-at="2020-06-30T17:56:17 IST" finished-at="2020-06-30T17:56:51 IST">
      <class name="EProject.HomePage">
        <test-method status="PASS" signature="initialize()[pri:0, instance:EProject.HomePage@fba92d3]" name="initialize" is-config="true" duration-ms="6527" started-at="2020-06-30T17:56:17 IST" finished-at="2020-06-30T17:56:23 IST">
          <reporter-output>
          </reporter-output>
        </test-method> <!-- initialize -->
        <test-method status="PASS" signature="basePageNavigation(java.lang.String, java.lang.String, java.lang.String)[pri:0, instance:EProject.HomePage@fba92d3]" name="basePageNavigation" duration-ms="11434" started-at="2020-06-30T17:56:23 IST" data-provider="getData" finished-at="2020-06-30T17:56:35 IST">
          <params>
            <param index="0">
              <value>
                <![CDATA[nonrestricted user@gmail.com]]>
              </value>
            </param>
            <param index="1">
              <value>
                <![CDATA[123456]]>
              </value>
            </param>
            <param index="2">
              <value>
                <![CDATA[Restricted User]]>
              </value>
            </param>
          </params>
          <reporter-output>
          </reporter-output>
        </test-method> <!-- basePageNavigation -->
        <test-method status="FAIL" signature="basePageNavigation(java.lang.String, java.lang.String, java.lang.String)[pri:0, instance:EProject.HomePage@fba92d3]" name="basePageNavigation" duration-ms="15308" started-at="2020-06-30T17:56:35 IST" data-provider="getData" finished-at="2020-06-30T17:56:50 IST">
          <params>
            <param index="0">
              <value is-null="true"/>
            </param>
            <param index="1">
              <value is-null="true"/>
            </param>
            <param index="2">
              <value is-null="true"/>
            </param>
          </params>
          <exception class="org.openqa.selenium.NoSuchElementException">
            <message>
              <![CDATA[no such element: Unable to locate element: {"method":"css selector","selector":"[id='user_email']"}
  (Session info: chrome=83.0.4103.116)
For documentation on this error, please visit: https://www.seleniumhq.org/exceptions/no_such_element.html
Build info: version: '3.141.59', revision: 'e82be7d358', time: '2018-11-14T08:17:03'
System info: host: 'LAPTOP-HK2SEN1O', ip: '192.168.43.62', os.name: 'Windows 10', os.arch: 'amd64', os.version: '10.0', java.version: '1.8.0_162'
Driver info: org.openqa.selenium.chrome.ChromeDriver
Capabilities {acceptInsecureCerts: false, browserName: chrome, browserVersion: 83.0.4103.116, chrome: {chromedriverVersion: 83.0.4103.39 (ccbf011cb2d2b..., userDataDir: C:\Users\Chintan\AppData\Lo...}, goog:chromeOptions: {debuggerAddress: localhost:59796}, javascriptEnabled: true, networkConnectionEnabled: false, pageLoadStrategy: normal, platform: WINDOWS, platformName: WINDOWS, proxy: Proxy(), setWindowRect: true, strictFileInteractability: false, timeouts: {implicit: 0, pageLoad: 300000, script: 30000}, unhandledPromptBehavior: dismiss and notify, webauthn:virtualAuthenticators: true}
Session ID: 0f3b74fb319caacbc4410f31386e4c95
*** Element info: {Using=css selector, value=[id='user_email']}]]>
            </message>
            <full-stacktrace>
              <![CDATA[org.openqa.selenium.NoSuchElementException: no such element: Unable to locate element: {"method":"css selector","selector":"[id='user_email']"}
  (Session info: chrome=83.0.4103.116)
For documentation on this error, please visit: https://www.seleniumhq.org/exceptions/no_such_element.html
Build info: version: '3.141.59', revision: 'e82be7d358', time: '2018-11-14T08:17:03'
System info: host: 'LAPTOP-HK2SEN1O', ip: '192.168.43.62', os.name: 'Windows 10', os.arch: 'amd64', os.version: '10.0', java.version: '1.8.0_162'
Driver info: org.openqa.selenium.chrome.ChromeDriver
Capabilities {acceptInsecureCerts: false, browserName: chrome, browserVersion: 83.0.4103.116, chrome: {chromedriverVersion: 83.0.4103.39 (ccbf011cb2d2b..., userDataDir: C:\Users\Chintan\AppData\Lo...}, goog:chromeOptions: {debuggerAddress: localhost:59796}, javascriptEnabled: true, networkConnectionEnabled: false, pageLoadStrategy: normal, platform: WINDOWS, platformName: WINDOWS, proxy: Proxy(), setWindowRect: true, strictFileInteractability: false, timeouts: {implicit: 0, pageLoad: 300000, script: 30000}, unhandledPromptBehavior: dismiss and notify, webauthn:virtualAuthenticators: true}
Session ID: 0f3b74fb319caacbc4410f31386e4c95
*** Element info: {Using=css selector, value=[id='user_email']}
at sun.reflect.NativeConstructorAccessorImpl.newInstance0(Native Method)
at sun.reflect.NativeConstructorAccessorImpl.newInstance(NativeConstructorAccessorImpl.java:62)
at sun.reflect.DelegatingConstructorAccessorImpl.newInstance(DelegatingConstructorAccessorImpl.java:45)
at java.lang.reflect.Constructor.newInstance(Constructor.java:423)
at org.openqa.selenium.remote.http.W3CHttpResponseCodec.createException(W3CHttpResponseCodec.java:187)
at org.openqa.selenium.remote.http.W3CHttpResponseCodec.decode(W3CHttpResponseCodec.java:122)
at org.openqa.selenium.remote.http.W3CHttpResponseCodec.decode(W3CHttpResponseCodec.java:49)
at org.openqa.selenium.remote.HttpCommandExecutor.execute(HttpCommandExecutor.java:158)
at org.openqa.selenium.remote.service.DriverCommandExecutor.execute(DriverCommandExecutor.java:83)
at org.openqa.selenium.remote.RemoteWebDriver.execute(RemoteWebDriver.java:552)
at org.openqa.selenium.remote.RemoteWebDriver.findElement(RemoteWebDriver.java:323)
at org.openqa.selenium.remote.RemoteWebDriver.findElementByCssSelector(RemoteWebDriver.java:420)
at org.openqa.selenium.By$ByCssSelector.findElement(By.java:431)
at org.openqa.selenium.remote.RemoteWebDriver.findElement(RemoteWebDriver.java:315)
at pageObjects.LoginPage.getEmail(LoginPage.java:36)
at EProject.HomePage.basePageNavigation(HomePage.java:46)
at sun.reflect.NativeMethodAccessorImpl.invoke0(Native Method)
at sun.reflect.NativeMethodAccessorImpl.invoke(NativeMethodAccessorImpl.java:62)
at sun.reflect.DelegatingMethodAccessorImpl.invoke(DelegatingMethodAccessorImpl.java:43)
at java.lang.reflect.Method.invoke(Method.java:498)
at org.testng.internal.MethodInvocationHelper.invokeMethod(MethodInvocationHelper.java:134)
at org.testng.internal.TestInvoker.invokeMethod(TestInvoker.java:597)
at org.testng.internal.TestInvoker.invokeTestMethod(TestInvoker.java:173)
at org.testng.internal.MethodRunner.runInSequence(MethodRunner.java:46)
at org.testng.internal.TestInvoker$MethodInvocationAgent.invoke(TestInvoker.java:816)
at org.testng.internal.TestInvoker.invokeTestMethods(TestInvoker.java:146)
at org.testng.internal.TestMethodWorker.invokeTestMethods(TestMethodWorker.java:146)
at org.testng.internal.TestMethodWorker.run(TestMethodWorker.java:128)
at java.util.ArrayList.forEach(ArrayList.java:1257)
at org.testng.TestRunner.privateRun(TestRunner.java:766)
at org.testng.TestRunner.run(TestRunner.java:587)
at org.testng.SuiteRunner.runTest(SuiteRunner.java:384)
at org.testng.SuiteRunner.runSequentially(SuiteRunner.java:378)
at org.testng.SuiteRunner.privateRun(SuiteRunner.java:337)
at org.testng.SuiteRunner.run(SuiteRunner.java:286)
at org.testng.SuiteRunnerWorker.runSuite(SuiteRunnerWorker.java:53)
at org.testng.SuiteRunnerWorker.run(SuiteRunnerWorker.java:96)
at org.testng.TestNG.runSuitesSequentially(TestNG.java:1187)
at org.testng.TestNG.runSuitesLocally(TestNG.java:1109)
at org.testng.TestNG.runSuites(TestNG.java:1039)
at org.testng.TestNG.run(TestNG.java:1007)
at org.testng.remote.AbstractRemoteTestNG.run(AbstractRemoteTestNG.java:115)
at org.testng.remote.RemoteTestNG.initAndRun(RemoteTestNG.java:251)
at org.testng.remote.RemoteTestNG.main(RemoteTestNG.java:77)
]]>
            </full-stacktrace>
          </exception> <!-- org.openqa.selenium.NoSuchElementException -->
          <reporter-output>
          </reporter-output>
        </test-method> <!-- basePageNavigation -->
        <test-method status="PASS" signature="teardown()[pri:0, instance:EProject.HomePage@fba92d3]" name="teardown" is-config="true" duration-ms="72" started-at="2020-06-30T17:56:51 IST" finished-at="2020-06-30T17:56:51 IST">
          <reporter-output>
          </reporter-output>
        </test-method> <!-- teardown -->
      </class> <!-- EProject.HomePage -->
    </test> <!-- Test4 -->
  </suite> <!-- Suite -->
</testng-results>
